# JRE version: OpenJDK Runtime Environment (8.0_212-b04) (build 1.8.0_212-release-1586-b04)
# Java VM: OpenJDK 64-Bit Server VM (25.212-b04 mixed mode windows-amd64 compressed oops)
Heap:
 PSYoungGen      total 310784K, used 186335K [0x00000000e0000000, 0x00000000f6a80000, 0x0000000100000000)
  eden space 266752K, 60% used [0x00000000e0000000,0x00000000e9e99030,0x00000000f0480000)
  from space 44032K, 54% used [0x00000000f3f80000,0x00000000f56debd0,0x00000000f6a80000)
  to   space 52224K, 0% used [0x00000000f0480000,0x00000000f0480000,0x00000000f3780000)
 ParOldGen       total 288768K, used 126571K [0x00000000a0000000, 0x00000000b1a00000, 0x00000000e0000000)
  object space 288768K, 43% used [0x00000000a0000000,0x00000000a7b9acf0,0x00000000b1a00000)
 Metaspace       used 109463K, capacity 113785K, committed 113856K, reserved 1148928K
  class space    used 14195K, capacity 15052K, committed 15080K, reserved 1048576K
GC Heap History (10 events):
Event: 117.736 GC heap before
{Heap before GC invocations=20 (full 3):
 PSYoungGen      total 262656K, used 256992K [0x00000000e0000000, 0x00000000f2280000, 0x0000000100000000)
  eden space 242176K, 100% used [0x00000000e0000000,0x00000000eec80000,0x00000000eec80000)
  from space 20480K, 72% used [0x00000000f0e80000,0x00000000f1cf8060,0x00000000f2280000)
  to   space 27648K, 0% used [0x00000000eec80000,0x00000000eec80000,0x00000000f0780000)
 ParOldGen       total 138752K, used 57687K [0x00000000a0000000, 0x00000000a8780000, 0x00000000e0000000)
  object space 138752K, 41% used [0x00000000a0000000,0x00000000a3855dd0,0x00000000a8780000)
 Metaspace       used 82875K, capacity 85745K, committed 85976K, reserved 1124352K
  class space    used 10845K, capacity 11470K, committed 11520K, reserved 1048576K
Event: 117.784 GC heap after
Heap after GC invocations=20 (full 3):
 PSYoungGen      total 269824K, used 27625K [0x00000000e0000000, 0x00000000f4100000, 0x0000000100000000)
  eden space 242176K, 0% used [0x00000000e0000000,0x00000000e0000000,0x00000000eec80000)
  from space 27648K, 99% used [0x00000000eec80000,0x00000000f077a758,0x00000000f0780000)
  to   space 32768K, 0% used [0x00000000f2100000,0x00000000f2100000,0x00000000f4100000)
 ParOldGen       total 138752K, used 60161K [0x00000000a0000000, 0x00000000a8780000, 0x00000000e0000000)
  object space 138752K, 43% used [0x00000000a0000000,0x00000000a3ac06d0,0x00000000a8780000)
 Metaspace       used 82875K, capacity 85745K, committed 85976K, reserved 1124352K
  class space    used 10845K, capacity 11470K, committed 11520K, reserved 1048576K
}
Event: 121.890 GC heap before
{Heap before GC invocations=21 (full 3):
 PSYoungGen      total 269824K, used 256319K [0x00000000e0000000, 0x00000000f4100000, 0x0000000100000000)
  eden space 242176K, 94% used [0x00000000e0000000,0x00000000edf55858,0x00000000eec80000)
  from space 27648K, 99% used [0x00000000eec80000,0x00000000f077a758,0x00000000f0780000)
  to   space 32768K, 0% used [0x00000000f2100000,0x00000000f2100000,0x00000000f4100000)
 ParOldGen       total 138752K, used 60161K [0x00000000a0000000, 0x00000000a8780000, 0x00000000e0000000)
  object space 138752K, 43% used [0x00000000a0000000,0x00000000a3ac06d0,0x00000000a8780000)
 Metaspace       used 95302K, capacity 98237K, committed 98496K, reserved 1134592K
  class space    used 12302K, capacity 12938K, committed 13032K, reserved 1048576K
Event: 122.031 GC heap after
Heap after GC invocations=21 (full 3):
 PSYoungGen      total 270848K, used 32765K [0x00000000e0000000, 0x00000000f7f00000, 0x0000000100000000)
  eden space 238080K, 0% used [0x00000000e0000000,0x00000000e0000000,0x00000000ee880000)
  from space 32768K, 99% used [0x00000000f2100000,0x00000000f40ff550,0x00000000f4100000)
  to   space 57856K, 0% used [0x00000000ee880000,0x00000000ee880000,0x00000000f2100000)
 ParOldGen       total 138752K, used 115486K [0x00000000a0000000, 0x00000000a8780000, 0x00000000e0000000)
  object space 138752K, 83% used [0x00000000a0000000,0x00000000a70c7bf0,0x00000000a8780000)
 Metaspace       used 95302K, capacity 98237K, committed 98496K, reserved 1134592K
  class space    used 12302K, capacity 12938K, committed 13032K, reserved 1048576K
}
Event: 122.031 GC heap before
{Heap before GC invocations=22 (full 4):
 PSYoungGen      total 270848K, used 32765K [0x00000000e0000000, 0x00000000f7f00000, 0x0000000100000000)
  eden space 238080K, 0% used [0x00000000e0000000,0x00000000e0000000,0x00000000ee880000)
  from space 32768K, 99% used [0x00000000f2100000,0x00000000f40ff550,0x00000000f4100000)
  to   space 57856K, 0% used [0x00000000ee880000,0x00000000ee880000,0x00000000f2100000)
 ParOldGen       total 138752K, used 115486K [0x00000000a0000000, 0x00000000a8780000, 0x00000000e0000000)
  object space 138752K, 83% used [0x00000000a0000000,0x00000000a70c7bf0,0x00000000a8780000)
 Metaspace       used 95302K, capacity 98237K, committed 98496K, reserved 1134592K
  class space    used 12302K, capacity 12938K, committed 13032K, reserved 1048576K
Event: 122.745 GC heap after
Heap after GC invocations=22 (full 4):
 PSYoungGen      total 270848K, used 0K [0x00000000e0000000, 0x00000000f7f00000, 0x0000000100000000)
  eden space 238080K, 0% used [0x00000000e0000000,0x00000000e0000000,0x00000000ee880000)
  from space 32768K, 0% used [0x00000000f2100000,0x00000000f2100000,0x00000000f4100000)
  to   space 57856K, 0% used [0x00000000ee880000,0x00000000ee880000,0x00000000f2100000)
 ParOldGen       total 288768K, used 126547K [0x00000000a0000000, 0x00000000b1a00000, 0x00000000e0000000)
  object space 288768K, 43% used [0x00000000a0000000,0x00000000a7b94cf0,0x00000000b1a00000)
 Metaspace       used 95250K, capacity 98089K, committed 98496K, reserved 1134592K
  class space    used 12286K, capacity 12908K, committed 13032K, reserved 1048576K
}
Event: 126.436 GC heap before
{Heap before GC invocations=23 (full 4):
 PSYoungGen      total 270848K, used 238080K [0x00000000e0000000, 0x00000000f7f00000, 0x0000000100000000)
  eden space 238080K, 100% used [0x00000000e0000000,0x00000000ee880000,0x00000000ee880000)
  from space 32768K, 0% used [0x00000000f2100000,0x00000000f2100000,0x00000000f4100000)
  to   space 57856K, 0% used [0x00000000ee880000,0x00000000ee880000,0x00000000f2100000)
 ParOldGen       total 288768K, used 126547K [0x00000000a0000000, 0x00000000b1a00000, 0x00000000e0000000)
  object space 288768K, 43% used [0x00000000a0000000,0x00000000a7b94cf0,0x00000000b1a00000)
 Metaspace       used 103489K, capacity 106965K, committed 107200K, reserved 1142784K
  class space    used 13366K, capacity 14054K, committed 14056K, reserved 1048576K
Event: 126.463 GC heap after
Heap after GC invocations=23 (full 4):
 PSYoungGen      total 295936K, used 22375K [0x00000000e0000000, 0x00000000f7500000, 0x0000000100000000)
  eden space 238080K, 0% used [0x00000000e0000000,0x00000000e0000000,0x00000000ee880000)
  from space 57856K, 38% used [0x00000000ee880000,0x00000000efe59f30,0x00000000f2100000)
  to   space 54784K, 0% used [0x00000000f3f80000,0x00000000f3f80000,0x00000000f7500000)
 ParOldGen       total 288768K, used 126555K [0x00000000a0000000, 0x00000000b1a00000, 0x00000000e0000000)
  object space 288768K, 43% used [0x00000000a0000000,0x00000000a7b96cf0,0x00000000b1a00000)
 Metaspace       used 103489K, capacity 106965K, committed 107200K, reserved 1142784K
  class space    used 13366K, capacity 14054K, committed 14056K, reserved 1048576K
}
Event: 1423.195 GC heap before
{Heap before GC invocations=24 (full 4):
 PSYoungGen      total 295936K, used 260455K [0x00000000e0000000, 0x00000000f7500000, 0x0000000100000000)
  eden space 238080K, 100% used [0x00000000e0000000,0x00000000ee880000,0x00000000ee880000)
  from space 57856K, 38% used [0x00000000ee880000,0x00000000efe59f30,0x00000000f2100000)
  to   space 54784K, 0% used [0x00000000f3f80000,0x00000000f3f80000,0x00000000f7500000)
 ParOldGen       total 288768K, used 126555K [0x00000000a0000000, 0x00000000b1a00000, 0x00000000e0000000)
  object space 288768K, 43% used [0x00000000a0000000,0x00000000a7b96cf0,0x00000000b1a00000)
 Metaspace       used 109255K, capacity 113549K, committed 113600K, reserved 1148928K
  class space    used 14175K, capacity 15034K, committed 15080K, reserved 1048576K
Event: 1423.906 GC heap after
Heap after GC invocations=24 (full 4):
 PSYoungGen      total 310784K, used 23930K [0x00000000e0000000, 0x00000000f6a80000, 0x0000000100000000)
  eden space 266752K, 0% used [0x00000000e0000000,0x00000000e0000000,0x00000000f0480000)
  from space 44032K, 54% used [0x00000000f3f80000,0x00000000f56debd0,0x00000000f6a80000)
  to   space 52224K, 0% used [0x00000000f0480000,0x00000000f0480000,0x00000000f3780000)
 ParOldGen       total 288768K, used 126571K [0x00000000a0000000, 0x00000000b1a00000, 0x00000000e0000000)
  object space 288768K, 43% used [0x00000000a0000000,0x00000000a7b9acf0,0x00000000b1a00000)
 Metaspace       used 109255K, capacity 113549K, committed 113600K, reserved 1148928K
  class space    used 14175K, capacity 15034K, committed 15080K, reserved 1048576K
}

