# JRE version: OpenJDK Runtime Environment (8.0_212-b04) (build 1.8.0_212-release-1586-b04)
# Java VM: OpenJDK 64-Bit Server VM (25.212-b04 mixed mode windows-amd64 compressed oops)
Heap:
 PSYoungGen      total 86016K, used 33394K [0x00000000d5f00000, 0x00000000de400000, 0x0000000100000000)
  eden space 69632K, 47% used [0x00000000d5f00000,0x00000000d7f9c918,0x00000000da300000)
  from space 16384K, 0% used [0x00000000db280000,0x00000000db280000,0x00000000dc280000)
  to   space 15872K, 0% used [0x00000000da300000,0x00000000da300000,0x00000000db280000)
 ParOldGen       total 116736K, used 24801K [0x0000000081c00000, 0x0000000088e00000, 0x00000000d5f00000)
  object space 116736K, 21% used [0x0000000081c00000,0x0000000083438440,0x0000000088e00000)
 Metaspace       used 38305K, capacity 38886K, committed 39344K, reserved 1083392K
  class space    used 4867K, capacity 5026K, committed 5040K, reserved 1048576K
GC Heap History (10 events):
Event: 3.303 GC heap before
{Heap before GC invocations=4 (full 1):
 PSYoungGen      total 38400K, used 5098K [0x00000000d5f00000, 0x00000000daa00000, 0x0000000100000000)
  eden space 33280K, 0% used [0x00000000d5f00000,0x00000000d5f00000,0x00000000d7f80000)
  from space 5120K, 99% used [0x00000000d7f80000,0x00000000d847a990,0x00000000d8480000)
  to   space 5120K, 0% used [0x00000000da500000,0x00000000da500000,0x00000000daa00000)
 ParOldGen       total 87552K, used 11802K [0x0000000081c00000, 0x0000000087180000, 0x00000000d5f00000)
  object space 87552K, 13% used [0x0000000081c00000,0x00000000827868c8,0x0000000087180000)
 Metaspace       used 20836K, capacity 21186K, committed 21296K, reserved 1069056K
  class space    used 2463K, capacity 2593K, committed 2608K, reserved 1048576K
Event: 3.351 GC heap after
Heap after GC invocations=4 (full 1):
 PSYoungGen      total 38400K, used 0K [0x00000000d5f00000, 0x00000000daa00000, 0x0000000100000000)
  eden space 33280K, 0% used [0x00000000d5f00000,0x00000000d5f00000,0x00000000d7f80000)
  from space 5120K, 0% used [0x00000000d7f80000,0x00000000d7f80000,0x00000000d8480000)
  to   space 5120K, 0% used [0x00000000da500000,0x00000000da500000,0x00000000daa00000)
 ParOldGen       total 66048K, used 9017K [0x0000000081c00000, 0x0000000085c80000, 0x00000000d5f00000)
  object space 66048K, 13% used [0x0000000081c00000,0x00000000824ce778,0x0000000085c80000)
 Metaspace       used 20836K, capacity 21186K, committed 21296K, reserved 1069056K
  class space    used 2463K, capacity 2593K, committed 2608K, reserved 1048576K
}
Event: 4.357 GC heap before
{Heap before GC invocations=5 (full 1):
 PSYoungGen      total 38400K, used 33280K [0x00000000d5f00000, 0x00000000daa00000, 0x0000000100000000)
  eden space 33280K, 100% used [0x00000000d5f00000,0x00000000d7f80000,0x00000000d7f80000)
  from space 5120K, 0% used [0x00000000d7f80000,0x00000000d7f80000,0x00000000d8480000)
  to   space 5120K, 0% used [0x00000000da500000,0x00000000da500000,0x00000000daa00000)
 ParOldGen       total 66048K, used 9017K [0x0000000081c00000, 0x0000000085c80000, 0x00000000d5f00000)
  object space 66048K, 13% used [0x0000000081c00000,0x00000000824ce778,0x0000000085c80000)
 Metaspace       used 24098K, capacity 24580K, committed 24880K, reserved 1071104K
  class space    used 2887K, capacity 3056K, committed 3120K, reserved 1048576K
Event: 4.368 GC heap after
Heap after GC invocations=5 (full 1):
 PSYoungGen      total 53248K, used 5113K [0x00000000d5f00000, 0x00000000daa00000, 0x0000000100000000)
  eden space 48128K, 0% used [0x00000000d5f00000,0x00000000d5f00000,0x00000000d8e00000)
  from space 5120K, 99% used [0x00000000da500000,0x00000000da9fe680,0x00000000daa00000)
  to   space 5120K, 0% used [0x00000000da000000,0x00000000da000000,0x00000000da500000)
 ParOldGen       total 66048K, used 11165K [0x0000000081c00000, 0x0000000085c80000, 0x00000000d5f00000)
  object space 66048K, 16% used [0x0000000081c00000,0x00000000826e7468,0x0000000085c80000)
 Metaspace       used 24098K, capacity 24580K, committed 24880K, reserved 1071104K
  class space    used 2887K, capacity 3056K, committed 3120K, reserved 1048576K
}
Event: 5.920 GC heap before
{Heap before GC invocations=6 (full 1):
 PSYoungGen      total 53248K, used 53241K [0x00000000d5f00000, 0x00000000daa00000, 0x0000000100000000)
  eden space 48128K, 100% used [0x00000000d5f00000,0x00000000d8e00000,0x00000000d8e00000)
  from space 5120K, 99% used [0x00000000da500000,0x00000000da9fe680,0x00000000daa00000)
  to   space 5120K, 0% used [0x00000000da000000,0x00000000da000000,0x00000000da500000)
 ParOldGen       total 66048K, used 11165K [0x0000000081c00000, 0x0000000085c80000, 0x00000000d5f00000)
  object space 66048K, 16% used [0x0000000081c00000,0x00000000826e7468,0x0000000085c80000)
 Metaspace       used 32311K, capacity 32752K, committed 33200K, reserved 1079296K
  class space    used 4084K, capacity 4215K, committed 4272K, reserved 1048576K
Event: 5.934 GC heap after
Heap after GC invocations=6 (full 1):
 PSYoungGen      total 71680K, used 5090K [0x00000000d5f00000, 0x00000000dc280000, 0x0000000100000000)
  eden space 66560K, 0% used [0x00000000d5f00000,0x00000000d5f00000,0x00000000da000000)
  from space 5120K, 99% used [0x00000000da000000,0x00000000da4f8918,0x00000000da500000)
  to   space 16384K, 0% used [0x00000000db280000,0x00000000db280000,0x00000000dc280000)
 ParOldGen       total 66048K, used 23200K [0x0000000081c00000, 0x0000000085c80000, 0x00000000d5f00000)
  object space 66048K, 35% used [0x0000000081c00000,0x00000000832a82b0,0x0000000085c80000)
 Metaspace       used 32311K, capacity 32752K, committed 33200K, reserved 1079296K
  class space    used 4084K, capacity 4215K, committed 4272K, reserved 1048576K
}
Event: 6.219 GC heap before
{Heap before GC invocations=7 (full 1):
 PSYoungGen      total 71680K, used 14508K [0x00000000d5f00000, 0x00000000dc280000, 0x0000000100000000)
  eden space 66560K, 14% used [0x00000000d5f00000,0x00000000d6832858,0x00000000da000000)
  from space 5120K, 99% used [0x00000000da000000,0x00000000da4f8918,0x00000000da500000)
  to   space 16384K, 0% used [0x00000000db280000,0x00000000db280000,0x00000000dc280000)
 ParOldGen       total 66048K, used 23200K [0x0000000081c00000, 0x0000000085c80000, 0x00000000d5f00000)
  object space 66048K, 35% used [0x0000000081c00000,0x00000000832a82b0,0x0000000085c80000)
 Metaspace       used 34649K, capacity 35168K, committed 35496K, reserved 1081344K
  class space    used 4420K, capacity 4559K, committed 4656K, reserved 1048576K
Event: 6.232 GC heap after
Heap after GC invocations=7 (full 1):
 PSYoungGen      total 86016K, used 7635K [0x00000000d5f00000, 0x00000000de400000, 0x0000000100000000)
  eden space 69632K, 0% used [0x00000000d5f00000,0x00000000d5f00000,0x00000000da300000)
  from space 16384K, 46% used [0x00000000db280000,0x00000000db9f4d80,0x00000000dc280000)
  to   space 15872K, 0% used [0x00000000da300000,0x00000000da300000,0x00000000db280000)
 ParOldGen       total 66048K, used 23208K [0x0000000081c00000, 0x0000000085c80000, 0x00000000d5f00000)
  object space 66048K, 35% used [0x0000000081c00000,0x00000000832aa2b0,0x0000000085c80000)
 Metaspace       used 34649K, capacity 35168K, committed 35496K, reserved 1081344K
  class space    used 4420K, capacity 4559K, committed 4656K, reserved 1048576K
}
Event: 6.232 GC heap before
{Heap before GC invocations=8 (full 2):
 PSYoungGen      total 86016K, used 7635K [0x00000000d5f00000, 0x00000000de400000, 0x0000000100000000)
  eden space 69632K, 0% used [0x00000000d5f00000,0x00000000d5f00000,0x00000000da300000)
  from space 16384K, 46% used [0x00000000db280000,0x00000000db9f4d80,0x00000000dc280000)
  to   space 15872K, 0% used [0x00000000da300000,0x00000000da300000,0x00000000db280000)
 ParOldGen       total 66048K, used 23208K [0x0000000081c00000, 0x0000000085c80000, 0x00000000d5f00000)
  object space 66048K, 35% used [0x0000000081c00000,0x00000000832aa2b0,0x0000000085c80000)
 Metaspace       used 34649K, capacity 35168K, committed 35496K, reserved 1081344K
  class space    used 4420K, capacity 4559K, committed 4656K, reserved 1048576K
Event: 6.328 GC heap after
Heap after GC invocations=8 (full 2):
 PSYoungGen      total 86016K, used 0K [0x00000000d5f00000, 0x00000000de400000, 0x0000000100000000)
  eden space 69632K, 0% used [0x00000000d5f00000,0x00000000d5f00000,0x00000000da300000)
  from space 16384K, 0% used [0x00000000db280000,0x00000000db280000,0x00000000dc280000)
  to   space 15872K, 0% used [0x00000000da300000,0x00000000da300000,0x00000000db280000)
 ParOldGen       total 116736K, used 24801K [0x0000000081c00000, 0x0000000088e00000, 0x00000000d5f00000)
  object space 116736K, 21% used [0x0000000081c00000,0x0000000083438440,0x0000000088e00000)
 Metaspace       used 34649K, capacity 35168K, committed 35496K, reserved 1081344K
  class space    used 4420K, capacity 4559K, committed 4656K, reserved 1048576K
}

